# project betweenness (0.0.1) configured on Mon Jan 17 10:59:44 2022 by
# waf 1.5.18 (abi 37, python 30805f0 on darwin)
# using ./waf configure
#

----------------------------------------
Checking for program g++ or c++
  find program=['g++', 'c++'] paths=[] var='CXX'
  -> '/usr/bin/g++'

----------------------------------------
Checking for program cpp
  find program=['cpp'] paths=[] var='CPP'
  -> '/usr/bin/cpp'

----------------------------------------
Checking for program ar
  find program=['ar'] paths=[] var='AR'
  -> '/usr/bin/ar'

----------------------------------------
Checking for program ranlib
  find program=['ranlib'] paths=[] var='RANLIB'
  -> '/usr/bin/ranlib'

----------------------------------------
Checking for g++ 
ok 

----------------------------------------
Checking for library ['glog', 'gflags']
==>

int main() {
	return 0;
}

<==
[1/2] [32mcxx: build/.conf_check_0/test.cpp -> build/.conf_check_0/testbuild/default/test_1.o
[0m['/usr/bin/g++', '../test.cpp', '-c', '-o', 'default/test_1.o']
[2/2] [33mcxx_link: build/.conf_check_0/testbuild/default/test_1.o -> build/.conf_check_0/testbuild/default/testprog
[0m['/usr/bin/g++', 'default/test_1.o', '-o', '/Users/alanliu/Desktop/LCR-master/LCRIndexing/build/.conf_check_0/testbuild/default/testprog', '-lglog', '-lgflags']
